@storybook/cli v7.0.6

info => Cleaning outputDir: /var/folders/tf/nsshygjj7rxccgq2ty_sk7640000gn/T/chromatic--69577-7EjBxPL8skZX
info => Loading presets
info => Building manager..
info => Manager built (110 ms)
info => Copying static files: /Users/philip/dev/repos/nextjs/turborepo-shadcn-ui/node_modules/.pnpm/@storybook+manager@7.0.6/node_modules/@storybook/manager/static at /var/folders/tf/nsshygjj7rxccgq2ty_sk7640000gn/T/chromatic--69577-7EjBxPL8skZX/sb-common-assets
vite v4.3.9 building for production...

./sb-common-assets/fonts.css doesn't exist at build time, it will remain unchanged to be resolved at runtime
transforming...
../../node_modules/.pnpm/telejson@7.1.0/node_modules/telejson/dist/index.mjs (1394:15) Use of eval in "../../node_modules/.pnpm/telejson@7.1.0/node_modules/telejson/dist/index.mjs" is strongly discouraged as it poses security risks and may cause issues with minification.
../../node_modules/.pnpm/telejson@7.1.0/node_modules/telejson/dist/index.mjs (1397:18) Use of eval in "../../node_modules/.pnpm/telejson@7.1.0/node_modules/telejson/dist/index.mjs" is strongly discouraged as it poses security risks and may cause issues with minification.
✓ 574 modules transformed.
rendering chunks...
computing gzip size...
../../../../../../../../var/folders/tf/nsshygjj7rxccgq2ty_sk7640000gn/T/chromatic--69577-7EjBxPL8skZX/iframe.html                                          12.58 kB │ gzip:   3.56 kB
../../../../../../../../var/folders/tf/nsshygjj7rxccgq2ty_sk7640000gn/T/chromatic--69577-7EjBxPL8skZX/assets/preview-4de6421c.css                          10.31 kB │ gzip:   2.77 kB
../../../../../../../../var/folders/tf/nsshygjj7rxccgq2ty_sk7640000gn/T/chromatic--69577-7EjBxPL8skZX/assets/preview-a4217676.js                            0.05 kB │ gzip:   0.07 kB │ map:     0.10 kB
../../../../../../../../var/folders/tf/nsshygjj7rxccgq2ty_sk7640000gn/T/chromatic--69577-7EjBxPL8skZX/assets/preview-0b293f2a.js                            0.11 kB │ gzip:   0.13 kB │ map:     0.60 kB
../../../../../../../../var/folders/tf/nsshygjj7rxccgq2ty_sk7640000gn/T/chromatic--69577-7EjBxPL8skZX/assets/index-d475d2ea.js                              0.21 kB │ gzip:   0.17 kB │ map:     0.88 kB
../../../../../../../../var/folders/tf/nsshygjj7rxccgq2ty_sk7640000gn/T/chromatic--69577-7EjBxPL8skZX/assets/extends-98964cd2.js                            0.29 kB │ gzip:   0.23 kB │ map:     1.04 kB
../../../../../../../../var/folders/tf/nsshygjj7rxccgq2ty_sk7640000gn/T/chromatic--69577-7EjBxPL8skZX/assets/WithTooltip-FBT32F6Q-19cb7719.js               0.51 kB │ gzip:   0.31 kB │ map:     0.11 kB
../../../../../../../../var/folders/tf/nsshygjj7rxccgq2ty_sk7640000gn/T/chromatic--69577-7EjBxPL8skZX/assets/syntaxhighlighter-QTQ2UBB4-b8f00978.js         0.52 kB │ gzip:   0.33 kB │ map:     0.12 kB
../../../../../../../../var/folders/tf/nsshygjj7rxccgq2ty_sk7640000gn/T/chromatic--69577-7EjBxPL8skZX/assets/index-d2fbe2c3.js                              0.62 kB │ gzip:   0.39 kB │ map:     4.34 kB
../../../../../../../../var/folders/tf/nsshygjj7rxccgq2ty_sk7640000gn/T/chromatic--69577-7EjBxPL8skZX/assets/preview-0435c720.js                            0.69 kB │ gzip:   0.49 kB │ map:     4.09 kB
../../../../../../../../var/folders/tf/nsshygjj7rxccgq2ty_sk7640000gn/T/chromatic--69577-7EjBxPL8skZX/assets/_commonjsHelpers-042e6b4d.js                   0.78 kB │ gzip:   0.44 kB │ map:     0.11 kB
../../../../../../../../var/folders/tf/nsshygjj7rxccgq2ty_sk7640000gn/T/chromatic--69577-7EjBxPL8skZX/assets/preview-b7db1523.js                            0.79 kB │ gzip:   0.48 kB │ map:     1.45 kB
../../../../../../../../var/folders/tf/nsshygjj7rxccgq2ty_sk7640000gn/T/chromatic--69577-7EjBxPL8skZX/assets/index-356e4a49.js                              0.81 kB │ gzip:   0.51 kB │ map:     3.31 kB
../../../../../../../../var/folders/tf/nsshygjj7rxccgq2ty_sk7640000gn/T/chromatic--69577-7EjBxPL8skZX/assets/index-e7df50cb.js                              0.85 kB │ gzip:   0.48 kB │ map:     4.33 kB
../../../../../../../../var/folders/tf/nsshygjj7rxccgq2ty_sk7640000gn/T/chromatic--69577-7EjBxPL8skZX/assets/preview-b1164a2e.js                            0.88 kB │ gzip:   0.58 kB │ map:     2.94 kB
../../../../../../../../var/folders/tf/nsshygjj7rxccgq2ty_sk7640000gn/T/chromatic--69577-7EjBxPL8skZX/assets/input.stories-3ea0cb72.js                      1.24 kB │ gzip:   0.64 kB │ map:     1.35 kB
../../../../../../../../var/folders/tf/nsshygjj7rxccgq2ty_sk7640000gn/T/chromatic--69577-7EjBxPL8skZX/assets/preview-ed8e58f1.js                            2.40 kB │ gzip:   1.28 kB │ map:    10.73 kB
../../../../../../../../var/folders/tf/nsshygjj7rxccgq2ty_sk7640000gn/T/chromatic--69577-7EjBxPL8skZX/assets/badge.stories-46fd6f84.js                      2.46 kB │ gzip:   0.91 kB │ map:     1.90 kB
../../../../../../../../var/folders/tf/nsshygjj7rxccgq2ty_sk7640000gn/T/chromatic--69577-7EjBxPL8skZX/assets/index-d37d4223.js                              2.63 kB │ gzip:   1.30 kB │ map:     7.52 kB
../../../../../../../../var/folders/tf/nsshygjj7rxccgq2ty_sk7640000gn/T/chromatic--69577-7EjBxPL8skZX/assets/preview-f96f0111.js                            3.29 kB │ gzip:   1.41 kB │ map:    10.29 kB
../../../../../../../../var/folders/tf/nsshygjj7rxccgq2ty_sk7640000gn/T/chromatic--69577-7EjBxPL8skZX/assets/iframe-1270dee2.js                             4.39 kB │ gzip:   1.63 kB │ map:     5.69 kB
../../../../../../../../var/folders/tf/nsshygjj7rxccgq2ty_sk7640000gn/T/chromatic--69577-7EjBxPL8skZX/assets/button.stories-ae3396d7.js                     4.99 kB │ gzip:   1.77 kB │ map:    11.81 kB
../../../../../../../../var/folders/tf/nsshygjj7rxccgq2ty_sk7640000gn/T/chromatic--69577-7EjBxPL8skZX/assets/index-8db94870.js                              7.21 kB │ gzip:   2.95 kB │ map:    15.78 kB
../../../../../../../../var/folders/tf/nsshygjj7rxccgq2ty_sk7640000gn/T/chromatic--69577-7EjBxPL8skZX/assets/preview-62235626.js                            7.69 kB │ gzip:   1.60 kB │ map:    13.88 kB
../../../../../../../../var/folders/tf/nsshygjj7rxccgq2ty_sk7640000gn/T/chromatic--69577-7EjBxPL8skZX/assets/preview-e6f1f377.js                            7.97 kB │ gzip:   3.03 kB │ map:    28.37 kB
../../../../../../../../var/folders/tf/nsshygjj7rxccgq2ty_sk7640000gn/T/chromatic--69577-7EjBxPL8skZX/assets/GlobalScrollAreaStyles-XIHNDKUY-23ed735d.js   10.49 kB │ gzip:   2.39 kB │ map:    15.80 kB
../../../../../../../../var/folders/tf/nsshygjj7rxccgq2ty_sk7640000gn/T/chromatic--69577-7EjBxPL8skZX/assets/utils-1a3b4d95.js                             21.50 kB │ gzip:   7.23 kB │ map:   109.99 kB
../../../../../../../../var/folders/tf/nsshygjj7rxccgq2ty_sk7640000gn/T/chromatic--69577-7EjBxPL8skZX/assets/Color-3YIJY6X7-4a2b8f40.js                    31.11 kB │ gzip:  11.69 kB │ map:   113.13 kB
../../../../../../../../var/folders/tf/nsshygjj7rxccgq2ty_sk7640000gn/T/chromatic--69577-7EjBxPL8skZX/assets/OverlayScrollbars-VAV6LJAB-7275b9ad.js        59.06 kB │ gzip:  25.33 kB │ map:   277.30 kB
../../../../../../../../var/folders/tf/nsshygjj7rxccgq2ty_sk7640000gn/T/chromatic--69577-7EjBxPL8skZX/assets/_getPrototype-34a03215.js                    213.05 kB │ gzip:  66.68 kB │ map:   659.73 kB
../../../../../../../../var/folders/tf/nsshygjj7rxccgq2ty_sk7640000gn/T/chromatic--69577-7EjBxPL8skZX/assets/config-e7fbba40.js                           214.24 kB │ gzip:  66.73 kB │ map:   808.42 kB
../../../../../../../../var/folders/tf/nsshygjj7rxccgq2ty_sk7640000gn/T/chromatic--69577-7EjBxPL8skZX/assets/DocsRenderer-7FRJXR4N-d8c61575.js            504.53 kB │ gzip: 166.17 kB │ map: 1,453.58 kB
../../../../../../../../var/folders/tf/nsshygjj7rxccgq2ty_sk7640000gn/T/chromatic--69577-7EjBxPL8skZX/assets/formatter-S4K5WUZV-59f20deb.js               601.70 kB │ gzip: 185.07 kB │ map: 1,316.02 kB

(!) Some chunks are larger than 500 kBs after minification. Consider:
- Using dynamic import() to code-split the application
- Use build.rollupOptions.output.manualChunks to improve chunking: https://rollupjs.org/configuration-options/#output-manualchunks
- Adjust chunk size limit for this warning via build.chunkSizeWarningLimit.
✓ built in 4.68s
info => Output directory: /var/folders/tf/nsshygjj7rxccgq2ty_sk7640000gn/T/chromatic--69577-7EjBxPL8skZX
